ℹ️ 2025/09/17 19:46:36 Инициализация SQLite: ./data.db
❌ 2025/09/17 19:46:36 Ошибка открытия БД: sql: unknown driver "sqlite3" (forgotten import?)
❌ 2025/09/17 19:46:36 Ошибка инициализации БД: sql: unknown driver "sqlite3" (forgotten import?)
ℹ️ 2025/09/17 19:48:07 Инициализация SQLite: ./data.db
❌ 2025/09/17 19:48:07 Ошибка открытия БД: sql: unknown driver "sqlite" (forgotten import?)
❌ 2025/09/17 19:48:07 Ошибка инициализации БД: sql: unknown driver "sqlite" (forgotten import?)
ℹ️ 2025/09/17 19:55:35 Инициализация SQLite: ./data.db
❌ 2025/09/17 19:55:35 Ошибка создания таблицы БД: SQL logic error: near ")": syntax error (1)
❌ 2025/09/17 19:55:35 Ошибка инициализации БД: SQL logic error: near ")": syntax error (1)
ℹ️ 2025/09/18 18:40:51 Инициализация SQLite: ./data.db
❌ 2025/09/18 18:40:51 Ошибка создания таблицы БД: SQL logic error: near ")": syntax error (1)
❌ 2025/09/18 18:40:51 Ошибка инициализации БД: SQL logic error: near ")": syntax error (1)
ℹ️ 2025/09/18 18:46:46 Инициализация SQLite: ./data.db
✅ 2025/09/18 18:46:46 Таблицы базы данных созданы/проверены
✅ 2025/09/18 18:46:46 SQLite инициализирован: ./data.db
ℹ️ 2025/09/18 18:46:47 Соединение с SQLite закрыто
ℹ️ 2025/09/18 18:47:09 Инициализация SQLite: ./data.db
✅ 2025/09/18 18:47:10 Таблицы базы данных созданы/проверены
✅ 2025/09/18 18:47:10 SQLite инициализирован: ./data.db
ℹ️ 2025/09/18 18:47:11 Соединение с SQLite закрыто
ℹ️ 2025/09/18 18:53:37 Инициализация SQLite: ./data.db
✅ 2025/09/18 18:53:37 Таблицы базы данных созданы/проверены
✅ 2025/09/18 18:53:37 SQLite инициализирован: ./data.db
ℹ️ 2025/09/18 18:53:39 Соединение с SQLite закрыто
ℹ️ 2025/09/18 18:54:27 Инициализация SQLite: ./data.db
✅ 2025/09/18 18:54:27 Таблицы базы данных созданы/проверены
✅ 2025/09/18 18:54:27 SQLite инициализирован: ./data.db
ℹ️ 2025/09/18 19:20:39 Инициализация SQLite: ./data.db
✅ 2025/09/18 19:20:39 Таблицы базы данных созданы/проверены
✅ 2025/09/18 19:20:39 SQLite инициализирован: ./data.db
❌ 2025/09/18 19:20:48 Ошибка сохранения пользователя: SQL logic error: table users has no column named user_id (1)
ℹ️ 2025/09/18 19:21:36 Инициализация SQLite: ./data.db
✅ 2025/09/18 19:21:36 Таблицы базы данных созданы/проверены
✅ 2025/09/18 19:21:36 SQLite инициализирован: ./data.db
